<?xml version="1.0" encoding="UTF-8" ?>
<testsuite tests="6" failures="0" name="EstudianteTest" time="14.557" errors="6" skipped="0">
  <properties>
    <property name="java.runtime.name" value="Java(TM) SE Runtime Environment"/>
    <property name="sun.boot.library.path" value="C:\Program Files\Java\jdk1.8.0_121\jre\bin"/>
    <property name="java.vm.version" value="25.121-b13"/>
    <property name="java.vm.vendor" value="Oracle Corporation"/>
    <property name="java.vendor.url" value="http://java.oracle.com/"/>
    <property name="path.separator" value=";"/>
    <property name="guice.disable.misplaced.annotation.check" value="true"/>
    <property name="java.vm.name" value="Java HotSpot(TM) 64-Bit Server VM"/>
    <property name="file.encoding.pkg" value="sun.io"/>
    <property name="user.script" value=""/>
    <property name="user.country" value="CO"/>
    <property name="sun.java.launcher" value="SUN_STANDARD"/>
    <property name="sun.os.patch.level" value=""/>
    <property name="java.vm.specification.name" value="Java Virtual Machine Specification"/>
    <property name="user.dir" value="C:\Users\Cristian\Documents\NetBeansProjects\s4_monitorias\monitoria\monitoria-back"/>
    <property name="java.runtime.version" value="1.8.0_121-b13"/>
    <property name="java.awt.graphicsenv" value="sun.awt.Win32GraphicsEnvironment"/>
    <property name="java.endorsed.dirs" value="C:\Program Files\Java\jdk1.8.0_121\jre\lib\endorsed"/>
    <property name="os.arch" value="amd64"/>
    <property name="java.io.tmpdir" value="C:\Users\Cristian\AppData\Local\Temp\"/>
    <property name="line.separator" value="
"/>
    <property name="java.vm.specification.vendor" value="Oracle Corporation"/>
    <property name="user.variant" value=""/>
    <property name="os.name" value="Windows 10"/>
    <property name="maven.ext.class.path" value="C:\Program Files\NetBeans 8.2\java\maven-nblib\netbeans-eventspy.jar"/>
    <property name="classworlds.conf" value="C:\Program Files\NetBeans 8.2\java\maven\bin\m2.conf"/>
    <property name="sun.jnu.encoding" value="Cp1252"/>
    <property name="java.library.path" value="C:\Program Files\Java\jdk1.8.0_121\bin;C:\WINDOWS\Sun\Java\bin;C:\WINDOWS\system32;C:\WINDOWS;C:\ProgramData\Oracle\Java\javapath;c:\windows\system32;c:\windows;c:\windows\system32\wbem;c:\windows\system32\windowspowershell\v1.0\;c:\users\cristian\appdata\local\microsoft\windowsapps;c:\program files (x86)\java\jdk1.8.0_112\bin;c:\program files (x86)\java\jre1.8.0_112\bin;;C:\Program Files (x86)\NVIDIA Corporation\PhysX\Common;C:\Users\Cristian\AppData\Local\Microsoft\WindowsApps;C:\Program Files (x86)\Java\jdk1.8.0_112\bin;C:\Program Files (x86)\Java\jre1.8.0_112\bin;C:\WINDOWS\system32;C:\WINDOWS;C:\WINDOWS\System32\Wbem;C:\WINDOWS\System32\WindowsPowerShell\v1.0\;C:\Users\Cristian\AppData\Local\Microsoft\WindowsApps;;."/>
    <property name="java.specification.name" value="Java Platform API Specification"/>
    <property name="java.class.version" value="52.0"/>
    <property name="sun.management.compiler" value="HotSpot 64-Bit Tiered Compilers"/>
    <property name="os.version" value="10.0"/>
    <property name="user.home" value="C:\Users\Cristian"/>
    <property name="user.timezone" value="America/Bogota"/>
    <property name="java.awt.printerjob" value="sun.awt.windows.WPrinterJob"/>
    <property name="java.specification.version" value="1.8"/>
    <property name="file.encoding" value="UTF-8"/>
    <property name="user.name" value="Cristian"/>
    <property name="java.class.path" value="C:\Program Files\NetBeans 8.2\java\maven\boot\plexus-classworlds-2.4.jar"/>
    <property name="java.vm.specification.version" value="1.8"/>
    <property name="sun.arch.data.model" value="64"/>
    <property name="java.home" value="C:\Program Files\Java\jdk1.8.0_121\jre"/>
    <property name="sun.java.command" value="org.codehaus.plexus.classworlds.launcher.Launcher -Dmaven.ext.class.path=C:\Program Files\NetBeans 8.2\java\maven-nblib\netbeans-eventspy.jar -Dfile.encoding=UTF-8 clean install"/>
    <property name="java.specification.vendor" value="Oracle Corporation"/>
    <property name="user.language" value="es"/>
    <property name="awt.toolkit" value="sun.awt.windows.WToolkit"/>
    <property name="java.vm.info" value="mixed mode"/>
    <property name="java.version" value="1.8.0_121"/>
    <property name="java.ext.dirs" value="C:\Program Files\Java\jdk1.8.0_121\jre\lib\ext;C:\WINDOWS\Sun\Java\lib\ext"/>
    <property name="sun.boot.class.path" value="C:\Program Files\Java\jdk1.8.0_121\jre\lib\resources.jar;C:\Program Files\Java\jdk1.8.0_121\jre\lib\rt.jar;C:\Program Files\Java\jdk1.8.0_121\jre\lib\sunrsasign.jar;C:\Program Files\Java\jdk1.8.0_121\jre\lib\jsse.jar;C:\Program Files\Java\jdk1.8.0_121\jre\lib\jce.jar;C:\Program Files\Java\jdk1.8.0_121\jre\lib\charsets.jar;C:\Program Files\Java\jdk1.8.0_121\jre\lib\jfr.jar;C:\Program Files\Java\jdk1.8.0_121\jre\classes"/>
    <property name="java.vendor" value="Oracle Corporation"/>
    <property name="maven.home" value="C:\Program Files\NetBeans 8.2\java\maven"/>
    <property name="file.separator" value="\"/>
    <property name="java.vendor.url.bug" value="http://bugreport.sun.com/bugreport/"/>
    <property name="sun.cpu.endian" value="little"/>
    <property name="sun.io.unicode.encoding" value="UnicodeLittle"/>
    <property name="sun.desktop" value="windows"/>
    <property name="sun.cpu.isalist" value="amd64"/>
  </properties>
  <testcase classname="EstudianteTest" name="updateTest" time="0.003">
    <error message="ArquillianServletRunner not found. Could not determine ContextRoot from ProtocolMetadata, please contact DeployableContainer developer." type="java.lang.IllegalArgumentException">java.lang.IllegalArgumentException: ArquillianServletRunner not found. Could not determine ContextRoot from ProtocolMetadata, please contact DeployableContainer developer.
	at org.jboss.arquillian.protocol.servlet.ServletUtil.determineBaseURI(ServletUtil.java:69)
	at org.jboss.arquillian.protocol.servlet.ServletURIHandler.locateTestServlet(ServletURIHandler.java:60)
	at org.jboss.arquillian.protocol.servlet.ServletMethodExecutor.invoke(ServletMethodExecutor.java:84)
	at org.jboss.arquillian.container.test.impl.execution.RemoteTestExecuter.execute(RemoteTestExecuter.java:109)
	at sun.reflect.NativeMethodAccessorImpl.invoke0(Native Method)
	at sun.reflect.NativeMethodAccessorImpl.invoke(NativeMethodAccessorImpl.java:62)
	at sun.reflect.DelegatingMethodAccessorImpl.invoke(DelegatingMethodAccessorImpl.java:43)
	at java.lang.reflect.Method.invoke(Method.java:498)
	at org.jboss.arquillian.core.impl.ObserverImpl.invoke(ObserverImpl.java:94)
	at org.jboss.arquillian.core.impl.EventContextImpl.invokeObservers(EventContextImpl.java:99)
	at org.jboss.arquillian.core.impl.EventContextImpl.proceed(EventContextImpl.java:81)
	at org.jboss.arquillian.core.impl.ManagerImpl.fire(ManagerImpl.java:145)
	at org.jboss.arquillian.core.impl.ManagerImpl.fire(ManagerImpl.java:116)
	at org.jboss.arquillian.core.impl.EventImpl.fire(EventImpl.java:67)
	at org.jboss.arquillian.container.test.impl.execution.ClientTestExecuter.execute(ClientTestExecuter.java:57)
	at sun.reflect.NativeMethodAccessorImpl.invoke0(Native Method)
	at sun.reflect.NativeMethodAccessorImpl.invoke(NativeMethodAccessorImpl.java:62)
	at sun.reflect.DelegatingMethodAccessorImpl.invoke(DelegatingMethodAccessorImpl.java:43)
	at java.lang.reflect.Method.invoke(Method.java:498)
	at org.jboss.arquillian.core.impl.ObserverImpl.invoke(ObserverImpl.java:94)
	at org.jboss.arquillian.core.impl.EventContextImpl.invokeObservers(EventContextImpl.java:99)
	at org.jboss.arquillian.core.impl.EventContextImpl.proceed(EventContextImpl.java:81)
	at org.jboss.arquillian.container.test.impl.client.ContainerEventController.createContext(ContainerEventController.java:142)
	at org.jboss.arquillian.container.test.impl.client.ContainerEventController.createTestContext(ContainerEventController.java:129)
	at sun.reflect.NativeMethodAccessorImpl.invoke0(Native Method)
	at sun.reflect.NativeMethodAccessorImpl.invoke(NativeMethodAccessorImpl.java:62)
	at sun.reflect.DelegatingMethodAccessorImpl.invoke(DelegatingMethodAccessorImpl.java:43)
	at java.lang.reflect.Method.invoke(Method.java:498)
	at org.jboss.arquillian.core.impl.ObserverImpl.invoke(ObserverImpl.java:94)
	at org.jboss.arquillian.core.impl.EventContextImpl.proceed(EventContextImpl.java:88)
	at org.jboss.arquillian.test.impl.TestContextHandler.createClassContext(TestContextHandler.java:92)
	at sun.reflect.GeneratedMethodAccessor26.invoke(Unknown Source)
	at sun.reflect.DelegatingMethodAccessorImpl.invoke(DelegatingMethodAccessorImpl.java:43)
	at java.lang.reflect.Method.invoke(Method.java:498)
	at org.jboss.arquillian.core.impl.ObserverImpl.invoke(ObserverImpl.java:94)
	at org.jboss.arquillian.core.impl.EventContextImpl.proceed(EventContextImpl.java:88)
	at org.jboss.arquillian.test.impl.TestContextHandler.createSuiteContext(TestContextHandler.java:73)
	at sun.reflect.GeneratedMethodAccessor25.invoke(Unknown Source)
	at sun.reflect.DelegatingMethodAccessorImpl.invoke(DelegatingMethodAccessorImpl.java:43)
	at java.lang.reflect.Method.invoke(Method.java:498)
	at org.jboss.arquillian.core.impl.ObserverImpl.invoke(ObserverImpl.java:94)
	at org.jboss.arquillian.core.impl.EventContextImpl.proceed(EventContextImpl.java:88)
	at org.jboss.arquillian.test.impl.TestContextHandler.createTestContext(TestContextHandler.java:130)
	at sun.reflect.GeneratedMethodAccessor27.invoke(Unknown Source)
	at sun.reflect.DelegatingMethodAccessorImpl.invoke(DelegatingMethodAccessorImpl.java:43)
	at java.lang.reflect.Method.invoke(Method.java:498)
	at org.jboss.arquillian.core.impl.ObserverImpl.invoke(ObserverImpl.java:94)
	at org.jboss.arquillian.core.impl.EventContextImpl.proceed(EventContextImpl.java:88)
	at org.jboss.arquillian.core.impl.ManagerImpl.fire(ManagerImpl.java:145)
	at org.jboss.arquillian.test.impl.EventTestRunnerAdaptor.test(EventTestRunnerAdaptor.java:136)
	at org.jboss.arquillian.junit.Arquillian$8.evaluate(Arquillian.java:367)
	at org.jboss.arquillian.junit.Arquillian$4.evaluate(Arquillian.java:245)
	at org.jboss.arquillian.junit.Arquillian.multiExecute(Arquillian.java:426)
	at org.jboss.arquillian.junit.Arquillian.access$200(Arquillian.java:54)
	at org.jboss.arquillian.junit.Arquillian$5.evaluate(Arquillian.java:259)
	at org.jboss.arquillian.junit.Arquillian$7.evaluate(Arquillian.java:325)
	at org.junit.runners.ParentRunner.runLeaf(ParentRunner.java:325)
	at org.junit.runners.BlockJUnit4ClassRunner.runChild(BlockJUnit4ClassRunner.java:78)
	at org.junit.runners.BlockJUnit4ClassRunner.runChild(BlockJUnit4ClassRunner.java:57)
	at org.junit.runners.ParentRunner$3.run(ParentRunner.java:290)
	at org.junit.runners.ParentRunner$1.schedule(ParentRunner.java:71)
	at org.junit.runners.ParentRunner.runChildren(ParentRunner.java:288)
	at org.junit.runners.ParentRunner.access$000(ParentRunner.java:58)
	at org.junit.runners.ParentRunner$2.evaluate(ParentRunner.java:268)
	at org.jboss.arquillian.junit.Arquillian$2.evaluate(Arquillian.java:204)
	at org.jboss.arquillian.junit.Arquillian.multiExecute(Arquillian.java:426)
	at org.jboss.arquillian.junit.Arquillian.access$200(Arquillian.java:54)
	at org.jboss.arquillian.junit.Arquillian$3.evaluate(Arquillian.java:218)
	at org.junit.runners.ParentRunner.run(ParentRunner.java:363)
	at org.jboss.arquillian.junit.Arquillian.run(Arquillian.java:166)
	at org.apache.maven.surefire.junit4.JUnit4TestSet.execute(JUnit4TestSet.java:53)
	at org.apache.maven.surefire.junit4.JUnit4Provider.executeTestSet(JUnit4Provider.java:123)
	at org.apache.maven.surefire.junit4.JUnit4Provider.invoke(JUnit4Provider.java:104)
	at sun.reflect.NativeMethodAccessorImpl.invoke0(Native Method)
	at sun.reflect.NativeMethodAccessorImpl.invoke(NativeMethodAccessorImpl.java:62)
	at sun.reflect.DelegatingMethodAccessorImpl.invoke(DelegatingMethodAccessorImpl.java:43)
	at java.lang.reflect.Method.invoke(Method.java:498)
	at org.apache.maven.surefire.util.ReflectionUtils.invokeMethodWithArray(ReflectionUtils.java:164)
	at org.apache.maven.surefire.booter.ProviderFactory$ProviderProxy.invoke(ProviderFactory.java:110)
	at org.apache.maven.surefire.booter.SurefireStarter.invokeProvider(SurefireStarter.java:175)
	at org.apache.maven.surefire.booter.SurefireStarter.runSuitesInProcessWhenForked(SurefireStarter.java:107)
	at org.apache.maven.surefire.booter.ForkedBooter.main(ForkedBooter.java:68)
</error>
    <system-out>PlainTextActionReporterFAILUREApplication test is not deployed on this target [server]</system-out>
    <system-err>sep 11, 2017 9:14:00 PM com.sun.enterprise.deploy.shared.FileArchive$StaleFileManagerImpl isEntryValid
ADVERTENCIA: NCLS-DEPLOYMENT-00023
sep 11, 2017 9:14:00 PM com.sun.enterprise.deploy.shared.FileArchive$StaleFileManagerImpl isEntryValid
ADVERTENCIA: NCLS-DEPLOYMENT-00023
sep 11, 2017 9:14:00 PM com.sun.enterprise.deploy.shared.FileArchive$StaleFileManagerImpl isEntryValid
ADVERTENCIA: NCLS-DEPLOYMENT-00023
sep 11, 2017 9:14:00 PM com.sun.enterprise.deploy.shared.FileArchive$StaleFileManagerImpl isEntryValid
ADVERTENCIA: NCLS-DEPLOYMENT-00023
sep 11, 2017 9:14:00 PM com.sun.enterprise.deploy.shared.FileArchive$StaleFileManagerImpl isEntryValid
ADVERTENCIA: NCLS-DEPLOYMENT-00023
sep 11, 2017 9:14:00 PM com.sun.enterprise.deploy.shared.FileArchive$StaleFileManagerImpl isEntryValid
ADVERTENCIA: NCLS-DEPLOYMENT-00023
sep 11, 2017 9:14:00 PM com.sun.enterprise.deploy.shared.FileArchive$StaleFileManagerImpl isEntryValid
ADVERTENCIA: NCLS-DEPLOYMENT-00023
sep 11, 2017 9:14:00 PM com.sun.enterprise.deploy.shared.FileArchive$StaleFileManagerImpl isEntryValid
ADVERTENCIA: NCLS-DEPLOYMENT-00023
sep 11, 2017 9:14:00 PM com.sun.enterprise.deploy.shared.FileArchive$StaleFileManagerImpl isEntryValid
ADVERTENCIA: NCLS-DEPLOYMENT-00023
sep 11, 2017 9:14:00 PM com.sun.enterprise.deploy.shared.FileArchive$StaleFileManagerImpl isEntryValid
ADVERTENCIA: NCLS-DEPLOYMENT-00023
sep 11, 2017 9:14:00 PM com.sun.enterprise.deploy.shared.FileArchive$StaleFileManagerImpl isEntryValid
ADVERTENCIA: NCLS-DEPLOYMENT-00023
sep 11, 2017 9:14:00 PM com.sun.enterprise.deploy.shared.FileArchive$StaleFileManagerImpl isEntryValid
ADVERTENCIA: NCLS-DEPLOYMENT-00023
sep 11, 2017 9:14:00 PM com.sun.enterprise.deploy.shared.FileArchive$StaleFileManagerImpl isEntryValid
ADVERTENCIA: NCLS-DEPLOYMENT-00023
sep 11, 2017 9:14:00 PM com.sun.enterprise.deploy.shared.FileArchive$StaleFileManagerImpl isEntryValid
ADVERTENCIA: NCLS-DEPLOYMENT-00023
sep 11, 2017 9:14:00 PM com.sun.enterprise.web.WebApplication start
INFORMACIÓN: Loading application [test] at [/test]
sep 11, 2017 9:14:00 PM org.glassfish.deployment.admin.DeployCommand execute
INFORMACIÓN: test was successfully deployed in 8.586 milliseconds.
</system-err>
  </testcase>
  <testcase classname="EstudianteTest" name="getOneTest" time="0.001">
    <error message="ArquillianServletRunner not found. Could not determine ContextRoot from ProtocolMetadata, please contact DeployableContainer developer." type="java.lang.IllegalArgumentException">java.lang.IllegalArgumentException: ArquillianServletRunner not found. Could not determine ContextRoot from ProtocolMetadata, please contact DeployableContainer developer.
	at org.jboss.arquillian.protocol.servlet.ServletUtil.determineBaseURI(ServletUtil.java:69)
	at org.jboss.arquillian.protocol.servlet.ServletURIHandler.locateTestServlet(ServletURIHandler.java:60)
	at org.jboss.arquillian.protocol.servlet.ServletMethodExecutor.invoke(ServletMethodExecutor.java:84)
	at org.jboss.arquillian.container.test.impl.execution.RemoteTestExecuter.execute(RemoteTestExecuter.java:109)
	at sun.reflect.NativeMethodAccessorImpl.invoke0(Native Method)
	at sun.reflect.NativeMethodAccessorImpl.invoke(NativeMethodAccessorImpl.java:62)
	at sun.reflect.DelegatingMethodAccessorImpl.invoke(DelegatingMethodAccessorImpl.java:43)
	at java.lang.reflect.Method.invoke(Method.java:498)
	at org.jboss.arquillian.core.impl.ObserverImpl.invoke(ObserverImpl.java:94)
	at org.jboss.arquillian.core.impl.EventContextImpl.invokeObservers(EventContextImpl.java:99)
	at org.jboss.arquillian.core.impl.EventContextImpl.proceed(EventContextImpl.java:81)
	at org.jboss.arquillian.core.impl.ManagerImpl.fire(ManagerImpl.java:145)
	at org.jboss.arquillian.core.impl.ManagerImpl.fire(ManagerImpl.java:116)
	at org.jboss.arquillian.core.impl.EventImpl.fire(EventImpl.java:67)
	at org.jboss.arquillian.container.test.impl.execution.ClientTestExecuter.execute(ClientTestExecuter.java:57)
	at sun.reflect.NativeMethodAccessorImpl.invoke0(Native Method)
	at sun.reflect.NativeMethodAccessorImpl.invoke(NativeMethodAccessorImpl.java:62)
	at sun.reflect.DelegatingMethodAccessorImpl.invoke(DelegatingMethodAccessorImpl.java:43)
	at java.lang.reflect.Method.invoke(Method.java:498)
	at org.jboss.arquillian.core.impl.ObserverImpl.invoke(ObserverImpl.java:94)
	at org.jboss.arquillian.core.impl.EventContextImpl.invokeObservers(EventContextImpl.java:99)
	at org.jboss.arquillian.core.impl.EventContextImpl.proceed(EventContextImpl.java:81)
	at org.jboss.arquillian.container.test.impl.client.ContainerEventController.createContext(ContainerEventController.java:142)
	at org.jboss.arquillian.container.test.impl.client.ContainerEventController.createTestContext(ContainerEventController.java:129)
	at sun.reflect.NativeMethodAccessorImpl.invoke0(Native Method)
	at sun.reflect.NativeMethodAccessorImpl.invoke(NativeMethodAccessorImpl.java:62)
	at sun.reflect.DelegatingMethodAccessorImpl.invoke(DelegatingMethodAccessorImpl.java:43)
	at java.lang.reflect.Method.invoke(Method.java:498)
	at org.jboss.arquillian.core.impl.ObserverImpl.invoke(ObserverImpl.java:94)
	at org.jboss.arquillian.core.impl.EventContextImpl.proceed(EventContextImpl.java:88)
	at org.jboss.arquillian.test.impl.TestContextHandler.createClassContext(TestContextHandler.java:92)
	at sun.reflect.GeneratedMethodAccessor26.invoke(Unknown Source)
	at sun.reflect.DelegatingMethodAccessorImpl.invoke(DelegatingMethodAccessorImpl.java:43)
	at java.lang.reflect.Method.invoke(Method.java:498)
	at org.jboss.arquillian.core.impl.ObserverImpl.invoke(ObserverImpl.java:94)
	at org.jboss.arquillian.core.impl.EventContextImpl.proceed(EventContextImpl.java:88)
	at org.jboss.arquillian.test.impl.TestContextHandler.createSuiteContext(TestContextHandler.java:73)
	at sun.reflect.GeneratedMethodAccessor25.invoke(Unknown Source)
	at sun.reflect.DelegatingMethodAccessorImpl.invoke(DelegatingMethodAccessorImpl.java:43)
	at java.lang.reflect.Method.invoke(Method.java:498)
	at org.jboss.arquillian.core.impl.ObserverImpl.invoke(ObserverImpl.java:94)
	at org.jboss.arquillian.core.impl.EventContextImpl.proceed(EventContextImpl.java:88)
	at org.jboss.arquillian.test.impl.TestContextHandler.createTestContext(TestContextHandler.java:130)
	at sun.reflect.GeneratedMethodAccessor27.invoke(Unknown Source)
	at sun.reflect.DelegatingMethodAccessorImpl.invoke(DelegatingMethodAccessorImpl.java:43)
	at java.lang.reflect.Method.invoke(Method.java:498)
	at org.jboss.arquillian.core.impl.ObserverImpl.invoke(ObserverImpl.java:94)
	at org.jboss.arquillian.core.impl.EventContextImpl.proceed(EventContextImpl.java:88)
	at org.jboss.arquillian.core.impl.ManagerImpl.fire(ManagerImpl.java:145)
	at org.jboss.arquillian.test.impl.EventTestRunnerAdaptor.test(EventTestRunnerAdaptor.java:136)
	at org.jboss.arquillian.junit.Arquillian$8.evaluate(Arquillian.java:367)
	at org.jboss.arquillian.junit.Arquillian$4.evaluate(Arquillian.java:245)
	at org.jboss.arquillian.junit.Arquillian.multiExecute(Arquillian.java:426)
	at org.jboss.arquillian.junit.Arquillian.access$200(Arquillian.java:54)
	at org.jboss.arquillian.junit.Arquillian$5.evaluate(Arquillian.java:259)
	at org.jboss.arquillian.junit.Arquillian$7.evaluate(Arquillian.java:325)
	at org.junit.runners.ParentRunner.runLeaf(ParentRunner.java:325)
	at org.junit.runners.BlockJUnit4ClassRunner.runChild(BlockJUnit4ClassRunner.java:78)
	at org.junit.runners.BlockJUnit4ClassRunner.runChild(BlockJUnit4ClassRunner.java:57)
	at org.junit.runners.ParentRunner$3.run(ParentRunner.java:290)
	at org.junit.runners.ParentRunner$1.schedule(ParentRunner.java:71)
	at org.junit.runners.ParentRunner.runChildren(ParentRunner.java:288)
	at org.junit.runners.ParentRunner.access$000(ParentRunner.java:58)
	at org.junit.runners.ParentRunner$2.evaluate(ParentRunner.java:268)
	at org.jboss.arquillian.junit.Arquillian$2.evaluate(Arquillian.java:204)
	at org.jboss.arquillian.junit.Arquillian.multiExecute(Arquillian.java:426)
	at org.jboss.arquillian.junit.Arquillian.access$200(Arquillian.java:54)
	at org.jboss.arquillian.junit.Arquillian$3.evaluate(Arquillian.java:218)
	at org.junit.runners.ParentRunner.run(ParentRunner.java:363)
	at org.jboss.arquillian.junit.Arquillian.run(Arquillian.java:166)
	at org.apache.maven.surefire.junit4.JUnit4TestSet.execute(JUnit4TestSet.java:53)
	at org.apache.maven.surefire.junit4.JUnit4Provider.executeTestSet(JUnit4Provider.java:123)
	at org.apache.maven.surefire.junit4.JUnit4Provider.invoke(JUnit4Provider.java:104)
	at sun.reflect.NativeMethodAccessorImpl.invoke0(Native Method)
	at sun.reflect.NativeMethodAccessorImpl.invoke(NativeMethodAccessorImpl.java:62)
	at sun.reflect.DelegatingMethodAccessorImpl.invoke(DelegatingMethodAccessorImpl.java:43)
	at java.lang.reflect.Method.invoke(Method.java:498)
	at org.apache.maven.surefire.util.ReflectionUtils.invokeMethodWithArray(ReflectionUtils.java:164)
	at org.apache.maven.surefire.booter.ProviderFactory$ProviderProxy.invoke(ProviderFactory.java:110)
	at org.apache.maven.surefire.booter.SurefireStarter.invokeProvider(SurefireStarter.java:175)
	at org.apache.maven.surefire.booter.SurefireStarter.runSuitesInProcessWhenForked(SurefireStarter.java:107)
	at org.apache.maven.surefire.booter.ForkedBooter.main(ForkedBooter.java:68)
</error>
  </testcase>
  <testcase classname="EstudianteTest" name="getByNameTest" time="0.002">
    <error message="ArquillianServletRunner not found. Could not determine ContextRoot from ProtocolMetadata, please contact DeployableContainer developer." type="java.lang.IllegalArgumentException">java.lang.IllegalArgumentException: ArquillianServletRunner not found. Could not determine ContextRoot from ProtocolMetadata, please contact DeployableContainer developer.
	at org.jboss.arquillian.protocol.servlet.ServletUtil.determineBaseURI(ServletUtil.java:69)
	at org.jboss.arquillian.protocol.servlet.ServletURIHandler.locateTestServlet(ServletURIHandler.java:60)
	at org.jboss.arquillian.protocol.servlet.ServletMethodExecutor.invoke(ServletMethodExecutor.java:84)
	at org.jboss.arquillian.container.test.impl.execution.RemoteTestExecuter.execute(RemoteTestExecuter.java:109)
	at sun.reflect.NativeMethodAccessorImpl.invoke0(Native Method)
	at sun.reflect.NativeMethodAccessorImpl.invoke(NativeMethodAccessorImpl.java:62)
	at sun.reflect.DelegatingMethodAccessorImpl.invoke(DelegatingMethodAccessorImpl.java:43)
	at java.lang.reflect.Method.invoke(Method.java:498)
	at org.jboss.arquillian.core.impl.ObserverImpl.invoke(ObserverImpl.java:94)
	at org.jboss.arquillian.core.impl.EventContextImpl.invokeObservers(EventContextImpl.java:99)
	at org.jboss.arquillian.core.impl.EventContextImpl.proceed(EventContextImpl.java:81)
	at org.jboss.arquillian.core.impl.ManagerImpl.fire(ManagerImpl.java:145)
	at org.jboss.arquillian.core.impl.ManagerImpl.fire(ManagerImpl.java:116)
	at org.jboss.arquillian.core.impl.EventImpl.fire(EventImpl.java:67)
	at org.jboss.arquillian.container.test.impl.execution.ClientTestExecuter.execute(ClientTestExecuter.java:57)
	at sun.reflect.NativeMethodAccessorImpl.invoke0(Native Method)
	at sun.reflect.NativeMethodAccessorImpl.invoke(NativeMethodAccessorImpl.java:62)
	at sun.reflect.DelegatingMethodAccessorImpl.invoke(DelegatingMethodAccessorImpl.java:43)
	at java.lang.reflect.Method.invoke(Method.java:498)
	at org.jboss.arquillian.core.impl.ObserverImpl.invoke(ObserverImpl.java:94)
	at org.jboss.arquillian.core.impl.EventContextImpl.invokeObservers(EventContextImpl.java:99)
	at org.jboss.arquillian.core.impl.EventContextImpl.proceed(EventContextImpl.java:81)
	at org.jboss.arquillian.container.test.impl.client.ContainerEventController.createContext(ContainerEventController.java:142)
	at org.jboss.arquillian.container.test.impl.client.ContainerEventController.createTestContext(ContainerEventController.java:129)
	at sun.reflect.NativeMethodAccessorImpl.invoke0(Native Method)
	at sun.reflect.NativeMethodAccessorImpl.invoke(NativeMethodAccessorImpl.java:62)
	at sun.reflect.DelegatingMethodAccessorImpl.invoke(DelegatingMethodAccessorImpl.java:43)
	at java.lang.reflect.Method.invoke(Method.java:498)
	at org.jboss.arquillian.core.impl.ObserverImpl.invoke(ObserverImpl.java:94)
	at org.jboss.arquillian.core.impl.EventContextImpl.proceed(EventContextImpl.java:88)
	at org.jboss.arquillian.test.impl.TestContextHandler.createClassContext(TestContextHandler.java:92)
	at sun.reflect.GeneratedMethodAccessor26.invoke(Unknown Source)
	at sun.reflect.DelegatingMethodAccessorImpl.invoke(DelegatingMethodAccessorImpl.java:43)
	at java.lang.reflect.Method.invoke(Method.java:498)
	at org.jboss.arquillian.core.impl.ObserverImpl.invoke(ObserverImpl.java:94)
	at org.jboss.arquillian.core.impl.EventContextImpl.proceed(EventContextImpl.java:88)
	at org.jboss.arquillian.test.impl.TestContextHandler.createSuiteContext(TestContextHandler.java:73)
	at sun.reflect.GeneratedMethodAccessor25.invoke(Unknown Source)
	at sun.reflect.DelegatingMethodAccessorImpl.invoke(DelegatingMethodAccessorImpl.java:43)
	at java.lang.reflect.Method.invoke(Method.java:498)
	at org.jboss.arquillian.core.impl.ObserverImpl.invoke(ObserverImpl.java:94)
	at org.jboss.arquillian.core.impl.EventContextImpl.proceed(EventContextImpl.java:88)
	at org.jboss.arquillian.test.impl.TestContextHandler.createTestContext(TestContextHandler.java:130)
	at sun.reflect.GeneratedMethodAccessor27.invoke(Unknown Source)
	at sun.reflect.DelegatingMethodAccessorImpl.invoke(DelegatingMethodAccessorImpl.java:43)
	at java.lang.reflect.Method.invoke(Method.java:498)
	at org.jboss.arquillian.core.impl.ObserverImpl.invoke(ObserverImpl.java:94)
	at org.jboss.arquillian.core.impl.EventContextImpl.proceed(EventContextImpl.java:88)
	at org.jboss.arquillian.core.impl.ManagerImpl.fire(ManagerImpl.java:145)
	at org.jboss.arquillian.test.impl.EventTestRunnerAdaptor.test(EventTestRunnerAdaptor.java:136)
	at org.jboss.arquillian.junit.Arquillian$8.evaluate(Arquillian.java:367)
	at org.jboss.arquillian.junit.Arquillian$4.evaluate(Arquillian.java:245)
	at org.jboss.arquillian.junit.Arquillian.multiExecute(Arquillian.java:426)
	at org.jboss.arquillian.junit.Arquillian.access$200(Arquillian.java:54)
	at org.jboss.arquillian.junit.Arquillian$5.evaluate(Arquillian.java:259)
	at org.jboss.arquillian.junit.Arquillian$7.evaluate(Arquillian.java:325)
	at org.junit.runners.ParentRunner.runLeaf(ParentRunner.java:325)
	at org.junit.runners.BlockJUnit4ClassRunner.runChild(BlockJUnit4ClassRunner.java:78)
	at org.junit.runners.BlockJUnit4ClassRunner.runChild(BlockJUnit4ClassRunner.java:57)
	at org.junit.runners.ParentRunner$3.run(ParentRunner.java:290)
	at org.junit.runners.ParentRunner$1.schedule(ParentRunner.java:71)
	at org.junit.runners.ParentRunner.runChildren(ParentRunner.java:288)
	at org.junit.runners.ParentRunner.access$000(ParentRunner.java:58)
	at org.junit.runners.ParentRunner$2.evaluate(ParentRunner.java:268)
	at org.jboss.arquillian.junit.Arquillian$2.evaluate(Arquillian.java:204)
	at org.jboss.arquillian.junit.Arquillian.multiExecute(Arquillian.java:426)
	at org.jboss.arquillian.junit.Arquillian.access$200(Arquillian.java:54)
	at org.jboss.arquillian.junit.Arquillian$3.evaluate(Arquillian.java:218)
	at org.junit.runners.ParentRunner.run(ParentRunner.java:363)
	at org.jboss.arquillian.junit.Arquillian.run(Arquillian.java:166)
	at org.apache.maven.surefire.junit4.JUnit4TestSet.execute(JUnit4TestSet.java:53)
	at org.apache.maven.surefire.junit4.JUnit4Provider.executeTestSet(JUnit4Provider.java:123)
	at org.apache.maven.surefire.junit4.JUnit4Provider.invoke(JUnit4Provider.java:104)
	at sun.reflect.NativeMethodAccessorImpl.invoke0(Native Method)
	at sun.reflect.NativeMethodAccessorImpl.invoke(NativeMethodAccessorImpl.java:62)
	at sun.reflect.DelegatingMethodAccessorImpl.invoke(DelegatingMethodAccessorImpl.java:43)
	at java.lang.reflect.Method.invoke(Method.java:498)
	at org.apache.maven.surefire.util.ReflectionUtils.invokeMethodWithArray(ReflectionUtils.java:164)
	at org.apache.maven.surefire.booter.ProviderFactory$ProviderProxy.invoke(ProviderFactory.java:110)
	at org.apache.maven.surefire.booter.SurefireStarter.invokeProvider(SurefireStarter.java:175)
	at org.apache.maven.surefire.booter.SurefireStarter.runSuitesInProcessWhenForked(SurefireStarter.java:107)
	at org.apache.maven.surefire.booter.ForkedBooter.main(ForkedBooter.java:68)
</error>
  </testcase>
  <testcase classname="EstudianteTest" name="getTest" time="0.002">
    <error message="ArquillianServletRunner not found. Could not determine ContextRoot from ProtocolMetadata, please contact DeployableContainer developer." type="java.lang.IllegalArgumentException">java.lang.IllegalArgumentException: ArquillianServletRunner not found. Could not determine ContextRoot from ProtocolMetadata, please contact DeployableContainer developer.
	at org.jboss.arquillian.protocol.servlet.ServletUtil.determineBaseURI(ServletUtil.java:69)
	at org.jboss.arquillian.protocol.servlet.ServletURIHandler.locateTestServlet(ServletURIHandler.java:60)
	at org.jboss.arquillian.protocol.servlet.ServletMethodExecutor.invoke(ServletMethodExecutor.java:84)
	at org.jboss.arquillian.container.test.impl.execution.RemoteTestExecuter.execute(RemoteTestExecuter.java:109)
	at sun.reflect.NativeMethodAccessorImpl.invoke0(Native Method)
	at sun.reflect.NativeMethodAccessorImpl.invoke(NativeMethodAccessorImpl.java:62)
	at sun.reflect.DelegatingMethodAccessorImpl.invoke(DelegatingMethodAccessorImpl.java:43)
	at java.lang.reflect.Method.invoke(Method.java:498)
	at org.jboss.arquillian.core.impl.ObserverImpl.invoke(ObserverImpl.java:94)
	at org.jboss.arquillian.core.impl.EventContextImpl.invokeObservers(EventContextImpl.java:99)
	at org.jboss.arquillian.core.impl.EventContextImpl.proceed(EventContextImpl.java:81)
	at org.jboss.arquillian.core.impl.ManagerImpl.fire(ManagerImpl.java:145)
	at org.jboss.arquillian.core.impl.ManagerImpl.fire(ManagerImpl.java:116)
	at org.jboss.arquillian.core.impl.EventImpl.fire(EventImpl.java:67)
	at org.jboss.arquillian.container.test.impl.execution.ClientTestExecuter.execute(ClientTestExecuter.java:57)
	at sun.reflect.NativeMethodAccessorImpl.invoke0(Native Method)
	at sun.reflect.NativeMethodAccessorImpl.invoke(NativeMethodAccessorImpl.java:62)
	at sun.reflect.DelegatingMethodAccessorImpl.invoke(DelegatingMethodAccessorImpl.java:43)
	at java.lang.reflect.Method.invoke(Method.java:498)
	at org.jboss.arquillian.core.impl.ObserverImpl.invoke(ObserverImpl.java:94)
	at org.jboss.arquillian.core.impl.EventContextImpl.invokeObservers(EventContextImpl.java:99)
	at org.jboss.arquillian.core.impl.EventContextImpl.proceed(EventContextImpl.java:81)
	at org.jboss.arquillian.container.test.impl.client.ContainerEventController.createContext(ContainerEventController.java:142)
	at org.jboss.arquillian.container.test.impl.client.ContainerEventController.createTestContext(ContainerEventController.java:129)
	at sun.reflect.NativeMethodAccessorImpl.invoke0(Native Method)
	at sun.reflect.NativeMethodAccessorImpl.invoke(NativeMethodAccessorImpl.java:62)
	at sun.reflect.DelegatingMethodAccessorImpl.invoke(DelegatingMethodAccessorImpl.java:43)
	at java.lang.reflect.Method.invoke(Method.java:498)
	at org.jboss.arquillian.core.impl.ObserverImpl.invoke(ObserverImpl.java:94)
	at org.jboss.arquillian.core.impl.EventContextImpl.proceed(EventContextImpl.java:88)
	at org.jboss.arquillian.test.impl.TestContextHandler.createClassContext(TestContextHandler.java:92)
	at sun.reflect.GeneratedMethodAccessor26.invoke(Unknown Source)
	at sun.reflect.DelegatingMethodAccessorImpl.invoke(DelegatingMethodAccessorImpl.java:43)
	at java.lang.reflect.Method.invoke(Method.java:498)
	at org.jboss.arquillian.core.impl.ObserverImpl.invoke(ObserverImpl.java:94)
	at org.jboss.arquillian.core.impl.EventContextImpl.proceed(EventContextImpl.java:88)
	at org.jboss.arquillian.test.impl.TestContextHandler.createSuiteContext(TestContextHandler.java:73)
	at sun.reflect.GeneratedMethodAccessor25.invoke(Unknown Source)
	at sun.reflect.DelegatingMethodAccessorImpl.invoke(DelegatingMethodAccessorImpl.java:43)
	at java.lang.reflect.Method.invoke(Method.java:498)
	at org.jboss.arquillian.core.impl.ObserverImpl.invoke(ObserverImpl.java:94)
	at org.jboss.arquillian.core.impl.EventContextImpl.proceed(EventContextImpl.java:88)
	at org.jboss.arquillian.test.impl.TestContextHandler.createTestContext(TestContextHandler.java:130)
	at sun.reflect.GeneratedMethodAccessor27.invoke(Unknown Source)
	at sun.reflect.DelegatingMethodAccessorImpl.invoke(DelegatingMethodAccessorImpl.java:43)
	at java.lang.reflect.Method.invoke(Method.java:498)
	at org.jboss.arquillian.core.impl.ObserverImpl.invoke(ObserverImpl.java:94)
	at org.jboss.arquillian.core.impl.EventContextImpl.proceed(EventContextImpl.java:88)
	at org.jboss.arquillian.core.impl.ManagerImpl.fire(ManagerImpl.java:145)
	at org.jboss.arquillian.test.impl.EventTestRunnerAdaptor.test(EventTestRunnerAdaptor.java:136)
	at org.jboss.arquillian.junit.Arquillian$8.evaluate(Arquillian.java:367)
	at org.jboss.arquillian.junit.Arquillian$4.evaluate(Arquillian.java:245)
	at org.jboss.arquillian.junit.Arquillian.multiExecute(Arquillian.java:426)
	at org.jboss.arquillian.junit.Arquillian.access$200(Arquillian.java:54)
	at org.jboss.arquillian.junit.Arquillian$5.evaluate(Arquillian.java:259)
	at org.jboss.arquillian.junit.Arquillian$7.evaluate(Arquillian.java:325)
	at org.junit.runners.ParentRunner.runLeaf(ParentRunner.java:325)
	at org.junit.runners.BlockJUnit4ClassRunner.runChild(BlockJUnit4ClassRunner.java:78)
	at org.junit.runners.BlockJUnit4ClassRunner.runChild(BlockJUnit4ClassRunner.java:57)
	at org.junit.runners.ParentRunner$3.run(ParentRunner.java:290)
	at org.junit.runners.ParentRunner$1.schedule(ParentRunner.java:71)
	at org.junit.runners.ParentRunner.runChildren(ParentRunner.java:288)
	at org.junit.runners.ParentRunner.access$000(ParentRunner.java:58)
	at org.junit.runners.ParentRunner$2.evaluate(ParentRunner.java:268)
	at org.jboss.arquillian.junit.Arquillian$2.evaluate(Arquillian.java:204)
	at org.jboss.arquillian.junit.Arquillian.multiExecute(Arquillian.java:426)
	at org.jboss.arquillian.junit.Arquillian.access$200(Arquillian.java:54)
	at org.jboss.arquillian.junit.Arquillian$3.evaluate(Arquillian.java:218)
	at org.junit.runners.ParentRunner.run(ParentRunner.java:363)
	at org.jboss.arquillian.junit.Arquillian.run(Arquillian.java:166)
	at org.apache.maven.surefire.junit4.JUnit4TestSet.execute(JUnit4TestSet.java:53)
	at org.apache.maven.surefire.junit4.JUnit4Provider.executeTestSet(JUnit4Provider.java:123)
	at org.apache.maven.surefire.junit4.JUnit4Provider.invoke(JUnit4Provider.java:104)
	at sun.reflect.NativeMethodAccessorImpl.invoke0(Native Method)
	at sun.reflect.NativeMethodAccessorImpl.invoke(NativeMethodAccessorImpl.java:62)
	at sun.reflect.DelegatingMethodAccessorImpl.invoke(DelegatingMethodAccessorImpl.java:43)
	at java.lang.reflect.Method.invoke(Method.java:498)
	at org.apache.maven.surefire.util.ReflectionUtils.invokeMethodWithArray(ReflectionUtils.java:164)
	at org.apache.maven.surefire.booter.ProviderFactory$ProviderProxy.invoke(ProviderFactory.java:110)
	at org.apache.maven.surefire.booter.SurefireStarter.invokeProvider(SurefireStarter.java:175)
	at org.apache.maven.surefire.booter.SurefireStarter.runSuitesInProcessWhenForked(SurefireStarter.java:107)
	at org.apache.maven.surefire.booter.ForkedBooter.main(ForkedBooter.java:68)
</error>
  </testcase>
  <testcase classname="EstudianteTest" name="createTest" time="0.002">
    <error message="ArquillianServletRunner not found. Could not determine ContextRoot from ProtocolMetadata, please contact DeployableContainer developer." type="java.lang.IllegalArgumentException">java.lang.IllegalArgumentException: ArquillianServletRunner not found. Could not determine ContextRoot from ProtocolMetadata, please contact DeployableContainer developer.
	at org.jboss.arquillian.protocol.servlet.ServletUtil.determineBaseURI(ServletUtil.java:69)
	at org.jboss.arquillian.protocol.servlet.ServletURIHandler.locateTestServlet(ServletURIHandler.java:60)
	at org.jboss.arquillian.protocol.servlet.ServletMethodExecutor.invoke(ServletMethodExecutor.java:84)
	at org.jboss.arquillian.container.test.impl.execution.RemoteTestExecuter.execute(RemoteTestExecuter.java:109)
	at sun.reflect.NativeMethodAccessorImpl.invoke0(Native Method)
	at sun.reflect.NativeMethodAccessorImpl.invoke(NativeMethodAccessorImpl.java:62)
	at sun.reflect.DelegatingMethodAccessorImpl.invoke(DelegatingMethodAccessorImpl.java:43)
	at java.lang.reflect.Method.invoke(Method.java:498)
	at org.jboss.arquillian.core.impl.ObserverImpl.invoke(ObserverImpl.java:94)
	at org.jboss.arquillian.core.impl.EventContextImpl.invokeObservers(EventContextImpl.java:99)
	at org.jboss.arquillian.core.impl.EventContextImpl.proceed(EventContextImpl.java:81)
	at org.jboss.arquillian.core.impl.ManagerImpl.fire(ManagerImpl.java:145)
	at org.jboss.arquillian.core.impl.ManagerImpl.fire(ManagerImpl.java:116)
	at org.jboss.arquillian.core.impl.EventImpl.fire(EventImpl.java:67)
	at org.jboss.arquillian.container.test.impl.execution.ClientTestExecuter.execute(ClientTestExecuter.java:57)
	at sun.reflect.NativeMethodAccessorImpl.invoke0(Native Method)
	at sun.reflect.NativeMethodAccessorImpl.invoke(NativeMethodAccessorImpl.java:62)
	at sun.reflect.DelegatingMethodAccessorImpl.invoke(DelegatingMethodAccessorImpl.java:43)
	at java.lang.reflect.Method.invoke(Method.java:498)
	at org.jboss.arquillian.core.impl.ObserverImpl.invoke(ObserverImpl.java:94)
	at org.jboss.arquillian.core.impl.EventContextImpl.invokeObservers(EventContextImpl.java:99)
	at org.jboss.arquillian.core.impl.EventContextImpl.proceed(EventContextImpl.java:81)
	at org.jboss.arquillian.container.test.impl.client.ContainerEventController.createContext(ContainerEventController.java:142)
	at org.jboss.arquillian.container.test.impl.client.ContainerEventController.createTestContext(ContainerEventController.java:129)
	at sun.reflect.NativeMethodAccessorImpl.invoke0(Native Method)
	at sun.reflect.NativeMethodAccessorImpl.invoke(NativeMethodAccessorImpl.java:62)
	at sun.reflect.DelegatingMethodAccessorImpl.invoke(DelegatingMethodAccessorImpl.java:43)
	at java.lang.reflect.Method.invoke(Method.java:498)
	at org.jboss.arquillian.core.impl.ObserverImpl.invoke(ObserverImpl.java:94)
	at org.jboss.arquillian.core.impl.EventContextImpl.proceed(EventContextImpl.java:88)
	at org.jboss.arquillian.test.impl.TestContextHandler.createClassContext(TestContextHandler.java:92)
	at sun.reflect.GeneratedMethodAccessor26.invoke(Unknown Source)
	at sun.reflect.DelegatingMethodAccessorImpl.invoke(DelegatingMethodAccessorImpl.java:43)
	at java.lang.reflect.Method.invoke(Method.java:498)
	at org.jboss.arquillian.core.impl.ObserverImpl.invoke(ObserverImpl.java:94)
	at org.jboss.arquillian.core.impl.EventContextImpl.proceed(EventContextImpl.java:88)
	at org.jboss.arquillian.test.impl.TestContextHandler.createSuiteContext(TestContextHandler.java:73)
	at sun.reflect.GeneratedMethodAccessor25.invoke(Unknown Source)
	at sun.reflect.DelegatingMethodAccessorImpl.invoke(DelegatingMethodAccessorImpl.java:43)
	at java.lang.reflect.Method.invoke(Method.java:498)
	at org.jboss.arquillian.core.impl.ObserverImpl.invoke(ObserverImpl.java:94)
	at org.jboss.arquillian.core.impl.EventContextImpl.proceed(EventContextImpl.java:88)
	at org.jboss.arquillian.test.impl.TestContextHandler.createTestContext(TestContextHandler.java:130)
	at sun.reflect.GeneratedMethodAccessor27.invoke(Unknown Source)
	at sun.reflect.DelegatingMethodAccessorImpl.invoke(DelegatingMethodAccessorImpl.java:43)
	at java.lang.reflect.Method.invoke(Method.java:498)
	at org.jboss.arquillian.core.impl.ObserverImpl.invoke(ObserverImpl.java:94)
	at org.jboss.arquillian.core.impl.EventContextImpl.proceed(EventContextImpl.java:88)
	at org.jboss.arquillian.core.impl.ManagerImpl.fire(ManagerImpl.java:145)
	at org.jboss.arquillian.test.impl.EventTestRunnerAdaptor.test(EventTestRunnerAdaptor.java:136)
	at org.jboss.arquillian.junit.Arquillian$8.evaluate(Arquillian.java:367)
	at org.jboss.arquillian.junit.Arquillian$4.evaluate(Arquillian.java:245)
	at org.jboss.arquillian.junit.Arquillian.multiExecute(Arquillian.java:426)
	at org.jboss.arquillian.junit.Arquillian.access$200(Arquillian.java:54)
	at org.jboss.arquillian.junit.Arquillian$5.evaluate(Arquillian.java:259)
	at org.jboss.arquillian.junit.Arquillian$7.evaluate(Arquillian.java:325)
	at org.junit.runners.ParentRunner.runLeaf(ParentRunner.java:325)
	at org.junit.runners.BlockJUnit4ClassRunner.runChild(BlockJUnit4ClassRunner.java:78)
	at org.junit.runners.BlockJUnit4ClassRunner.runChild(BlockJUnit4ClassRunner.java:57)
	at org.junit.runners.ParentRunner$3.run(ParentRunner.java:290)
	at org.junit.runners.ParentRunner$1.schedule(ParentRunner.java:71)
	at org.junit.runners.ParentRunner.runChildren(ParentRunner.java:288)
	at org.junit.runners.ParentRunner.access$000(ParentRunner.java:58)
	at org.junit.runners.ParentRunner$2.evaluate(ParentRunner.java:268)
	at org.jboss.arquillian.junit.Arquillian$2.evaluate(Arquillian.java:204)
	at org.jboss.arquillian.junit.Arquillian.multiExecute(Arquillian.java:426)
	at org.jboss.arquillian.junit.Arquillian.access$200(Arquillian.java:54)
	at org.jboss.arquillian.junit.Arquillian$3.evaluate(Arquillian.java:218)
	at org.junit.runners.ParentRunner.run(ParentRunner.java:363)
	at org.jboss.arquillian.junit.Arquillian.run(Arquillian.java:166)
	at org.apache.maven.surefire.junit4.JUnit4TestSet.execute(JUnit4TestSet.java:53)
	at org.apache.maven.surefire.junit4.JUnit4Provider.executeTestSet(JUnit4Provider.java:123)
	at org.apache.maven.surefire.junit4.JUnit4Provider.invoke(JUnit4Provider.java:104)
	at sun.reflect.NativeMethodAccessorImpl.invoke0(Native Method)
	at sun.reflect.NativeMethodAccessorImpl.invoke(NativeMethodAccessorImpl.java:62)
	at sun.reflect.DelegatingMethodAccessorImpl.invoke(DelegatingMethodAccessorImpl.java:43)
	at java.lang.reflect.Method.invoke(Method.java:498)
	at org.apache.maven.surefire.util.ReflectionUtils.invokeMethodWithArray(ReflectionUtils.java:164)
	at org.apache.maven.surefire.booter.ProviderFactory$ProviderProxy.invoke(ProviderFactory.java:110)
	at org.apache.maven.surefire.booter.SurefireStarter.invokeProvider(SurefireStarter.java:175)
	at org.apache.maven.surefire.booter.SurefireStarter.runSuitesInProcessWhenForked(SurefireStarter.java:107)
	at org.apache.maven.surefire.booter.ForkedBooter.main(ForkedBooter.java:68)
</error>
  </testcase>
  <testcase classname="EstudianteTest" name="deleteTest" time="0.001">
    <error message="ArquillianServletRunner not found. Could not determine ContextRoot from ProtocolMetadata, please contact DeployableContainer developer." type="java.lang.IllegalArgumentException">java.lang.IllegalArgumentException: ArquillianServletRunner not found. Could not determine ContextRoot from ProtocolMetadata, please contact DeployableContainer developer.
	at org.jboss.arquillian.protocol.servlet.ServletUtil.determineBaseURI(ServletUtil.java:69)
	at org.jboss.arquillian.protocol.servlet.ServletURIHandler.locateTestServlet(ServletURIHandler.java:60)
	at org.jboss.arquillian.protocol.servlet.ServletMethodExecutor.invoke(ServletMethodExecutor.java:84)
	at org.jboss.arquillian.container.test.impl.execution.RemoteTestExecuter.execute(RemoteTestExecuter.java:109)
	at sun.reflect.NativeMethodAccessorImpl.invoke0(Native Method)
	at sun.reflect.NativeMethodAccessorImpl.invoke(NativeMethodAccessorImpl.java:62)
	at sun.reflect.DelegatingMethodAccessorImpl.invoke(DelegatingMethodAccessorImpl.java:43)
	at java.lang.reflect.Method.invoke(Method.java:498)
	at org.jboss.arquillian.core.impl.ObserverImpl.invoke(ObserverImpl.java:94)
	at org.jboss.arquillian.core.impl.EventContextImpl.invokeObservers(EventContextImpl.java:99)
	at org.jboss.arquillian.core.impl.EventContextImpl.proceed(EventContextImpl.java:81)
	at org.jboss.arquillian.core.impl.ManagerImpl.fire(ManagerImpl.java:145)
	at org.jboss.arquillian.core.impl.ManagerImpl.fire(ManagerImpl.java:116)
	at org.jboss.arquillian.core.impl.EventImpl.fire(EventImpl.java:67)
	at org.jboss.arquillian.container.test.impl.execution.ClientTestExecuter.execute(ClientTestExecuter.java:57)
	at sun.reflect.NativeMethodAccessorImpl.invoke0(Native Method)
	at sun.reflect.NativeMethodAccessorImpl.invoke(NativeMethodAccessorImpl.java:62)
	at sun.reflect.DelegatingMethodAccessorImpl.invoke(DelegatingMethodAccessorImpl.java:43)
	at java.lang.reflect.Method.invoke(Method.java:498)
	at org.jboss.arquillian.core.impl.ObserverImpl.invoke(ObserverImpl.java:94)
	at org.jboss.arquillian.core.impl.EventContextImpl.invokeObservers(EventContextImpl.java:99)
	at org.jboss.arquillian.core.impl.EventContextImpl.proceed(EventContextImpl.java:81)
	at org.jboss.arquillian.container.test.impl.client.ContainerEventController.createContext(ContainerEventController.java:142)
	at org.jboss.arquillian.container.test.impl.client.ContainerEventController.createTestContext(ContainerEventController.java:129)
	at sun.reflect.NativeMethodAccessorImpl.invoke0(Native Method)
	at sun.reflect.NativeMethodAccessorImpl.invoke(NativeMethodAccessorImpl.java:62)
	at sun.reflect.DelegatingMethodAccessorImpl.invoke(DelegatingMethodAccessorImpl.java:43)
	at java.lang.reflect.Method.invoke(Method.java:498)
	at org.jboss.arquillian.core.impl.ObserverImpl.invoke(ObserverImpl.java:94)
	at org.jboss.arquillian.core.impl.EventContextImpl.proceed(EventContextImpl.java:88)
	at org.jboss.arquillian.test.impl.TestContextHandler.createClassContext(TestContextHandler.java:92)
	at sun.reflect.GeneratedMethodAccessor26.invoke(Unknown Source)
	at sun.reflect.DelegatingMethodAccessorImpl.invoke(DelegatingMethodAccessorImpl.java:43)
	at java.lang.reflect.Method.invoke(Method.java:498)
	at org.jboss.arquillian.core.impl.ObserverImpl.invoke(ObserverImpl.java:94)
	at org.jboss.arquillian.core.impl.EventContextImpl.proceed(EventContextImpl.java:88)
	at org.jboss.arquillian.test.impl.TestContextHandler.createSuiteContext(TestContextHandler.java:73)
	at sun.reflect.GeneratedMethodAccessor25.invoke(Unknown Source)
	at sun.reflect.DelegatingMethodAccessorImpl.invoke(DelegatingMethodAccessorImpl.java:43)
	at java.lang.reflect.Method.invoke(Method.java:498)
	at org.jboss.arquillian.core.impl.ObserverImpl.invoke(ObserverImpl.java:94)
	at org.jboss.arquillian.core.impl.EventContextImpl.proceed(EventContextImpl.java:88)
	at org.jboss.arquillian.test.impl.TestContextHandler.createTestContext(TestContextHandler.java:130)
	at sun.reflect.GeneratedMethodAccessor27.invoke(Unknown Source)
	at sun.reflect.DelegatingMethodAccessorImpl.invoke(DelegatingMethodAccessorImpl.java:43)
	at java.lang.reflect.Method.invoke(Method.java:498)
	at org.jboss.arquillian.core.impl.ObserverImpl.invoke(ObserverImpl.java:94)
	at org.jboss.arquillian.core.impl.EventContextImpl.proceed(EventContextImpl.java:88)
	at org.jboss.arquillian.core.impl.ManagerImpl.fire(ManagerImpl.java:145)
	at org.jboss.arquillian.test.impl.EventTestRunnerAdaptor.test(EventTestRunnerAdaptor.java:136)
	at org.jboss.arquillian.junit.Arquillian$8.evaluate(Arquillian.java:367)
	at org.jboss.arquillian.junit.Arquillian$4.evaluate(Arquillian.java:245)
	at org.jboss.arquillian.junit.Arquillian.multiExecute(Arquillian.java:426)
	at org.jboss.arquillian.junit.Arquillian.access$200(Arquillian.java:54)
	at org.jboss.arquillian.junit.Arquillian$5.evaluate(Arquillian.java:259)
	at org.jboss.arquillian.junit.Arquillian$7.evaluate(Arquillian.java:325)
	at org.junit.runners.ParentRunner.runLeaf(ParentRunner.java:325)
	at org.junit.runners.BlockJUnit4ClassRunner.runChild(BlockJUnit4ClassRunner.java:78)
	at org.junit.runners.BlockJUnit4ClassRunner.runChild(BlockJUnit4ClassRunner.java:57)
	at org.junit.runners.ParentRunner$3.run(ParentRunner.java:290)
	at org.junit.runners.ParentRunner$1.schedule(ParentRunner.java:71)
	at org.junit.runners.ParentRunner.runChildren(ParentRunner.java:288)
	at org.junit.runners.ParentRunner.access$000(ParentRunner.java:58)
	at org.junit.runners.ParentRunner$2.evaluate(ParentRunner.java:268)
	at org.jboss.arquillian.junit.Arquillian$2.evaluate(Arquillian.java:204)
	at org.jboss.arquillian.junit.Arquillian.multiExecute(Arquillian.java:426)
	at org.jboss.arquillian.junit.Arquillian.access$200(Arquillian.java:54)
	at org.jboss.arquillian.junit.Arquillian$3.evaluate(Arquillian.java:218)
	at org.junit.runners.ParentRunner.run(ParentRunner.java:363)
	at org.jboss.arquillian.junit.Arquillian.run(Arquillian.java:166)
	at org.apache.maven.surefire.junit4.JUnit4TestSet.execute(JUnit4TestSet.java:53)
	at org.apache.maven.surefire.junit4.JUnit4Provider.executeTestSet(JUnit4Provider.java:123)
	at org.apache.maven.surefire.junit4.JUnit4Provider.invoke(JUnit4Provider.java:104)
	at sun.reflect.NativeMethodAccessorImpl.invoke0(Native Method)
	at sun.reflect.NativeMethodAccessorImpl.invoke(NativeMethodAccessorImpl.java:62)
	at sun.reflect.DelegatingMethodAccessorImpl.invoke(DelegatingMethodAccessorImpl.java:43)
	at java.lang.reflect.Method.invoke(Method.java:498)
	at org.apache.maven.surefire.util.ReflectionUtils.invokeMethodWithArray(ReflectionUtils.java:164)
	at org.apache.maven.surefire.booter.ProviderFactory$ProviderProxy.invoke(ProviderFactory.java:110)
	at org.apache.maven.surefire.booter.SurefireStarter.invokeProvider(SurefireStarter.java:175)
	at org.apache.maven.surefire.booter.SurefireStarter.runSuitesInProcessWhenForked(SurefireStarter.java:107)
	at org.apache.maven.surefire.booter.ForkedBooter.main(ForkedBooter.java:68)
</error>
  </testcase>
</testsuite>